  list.c
e:\c++doc\project1\project1\list.c(19): error C2143: 语法错误: 缺少“)”(在“&”的前面)
e:\c++doc\project1\project1\list.c(19): error C2143: 语法错误: 缺少“{”(在“&”的前面)
e:\c++doc\project1\project1\list.c(19): error C2059: 语法错误:“&”
e:\c++doc\project1\project1\list.c(19): error C2059: 语法错误:“)”
e:\c++doc\project1\project1\list.c(27): error C2143: 语法错误: 缺少“)”(在“&”的前面)
e:\c++doc\project1\project1\list.c(27): error C2143: 语法错误: 缺少“{”(在“&”的前面)
e:\c++doc\project1\project1\list.c(27): error C2059: 语法错误:“&”
e:\c++doc\project1\project1\list.c(27): error C2059: 语法错误:“)”
e:\c++doc\project1\project1\list.c(47): error C2143: 语法错误: 缺少“)”(在“&”的前面)
e:\c++doc\project1\project1\list.c(47): error C2143: 语法错误: 缺少“{”(在“&”的前面)
e:\c++doc\project1\project1\list.c(47): error C2059: 语法错误:“&”
e:\c++doc\project1\project1\list.c(47): error C2059: 语法错误:“)”
e:\c++doc\project1\project1\list.c(66): error C2143: 语法错误: 缺少“)”(在“&”的前面)
e:\c++doc\project1\project1\list.c(66): error C2143: 语法错误: 缺少“{”(在“&”的前面)
e:\c++doc\project1\project1\list.c(66): error C2059: 语法错误:“&”
e:\c++doc\project1\project1\list.c(66): error C2059: 语法错误:“)”
e:\c++doc\project1\project1\list.c(76): error C2143: 语法错误: 缺少“)”(在“&”的前面)
e:\c++doc\project1\project1\list.c(76): error C2143: 语法错误: 缺少“{”(在“&”的前面)
e:\c++doc\project1\project1\list.c(76): error C2059: 语法错误:“&”
e:\c++doc\project1\project1\list.c(76): error C2059: 语法错误:“)”
e:\c++doc\project1\project1\list.c(96): warning C4013: “InitList”未定义；假设外部返回 int
e:\c++doc\project1\project1\list.c(98): error C2146: 语法错误: 缺少“;”(在标识符“；”的前面)
e:\c++doc\project1\project1\list.c(99): error C2065: “；”: 未声明的标识符
e:\c++doc\project1\project1\list.c(99): error C2146: 语法错误: 缺少“;”(在标识符“CreateList”的前面)
e:\c++doc\project1\project1\list.c(99): warning C4013: “CreateList”未定义；假设外部返回 int
e:\c++doc\project1\project1\list.c(115): warning C4013: “ListInsert”未定义；假设外部返回 int
e:\c++doc\project1\project1\list.c(120): warning C4013: “ListDelete”未定义；假设外部返回 int
e:\c++doc\project1\project1\list.c(125): warning C4013: “ListMerge”未定义；假设外部返回 int
e:\c++doc\project1\project1\list.c(98): warning C4305: “初始化”: 从“int”到“char”截断
e:\c++doc\project1\project1\list.c(104): error C4996: 'scanf': This function or variable may be unsafe. Consider using scanf_s instead. To disable deprecation, use _CRT_SECURE_NO_WARNINGS. See online help for details.
  c:\program files (x86)\windows kits\10\include\10.0.15063.0\ucrt\stdio.h(1272): note: 参见“scanf”的声明
e:\c++doc\project1\project1\list.c(112): error C4996: 'scanf': This function or variable may be unsafe. Consider using scanf_s instead. To disable deprecation, use _CRT_SECURE_NO_WARNINGS. See online help for details.
  c:\program files (x86)\windows kits\10\include\10.0.15063.0\ucrt\stdio.h(1272): note: 参见“scanf”的声明
e:\c++doc\project1\project1\list.c(114): error C4996: 'scanf': This function or variable may be unsafe. Consider using scanf_s instead. To disable deprecation, use _CRT_SECURE_NO_WARNINGS. See online help for details.
  c:\program files (x86)\windows kits\10\include\10.0.15063.0\ucrt\stdio.h(1272): note: 参见“scanf”的声明
e:\c++doc\project1\project1\list.c(119): error C4996: 'scanf': This function or variable may be unsafe. Consider using scanf_s instead. To disable deprecation, use _CRT_SECURE_NO_WARNINGS. See online help for details.
  c:\program files (x86)\windows kits\10\include\10.0.15063.0\ucrt\stdio.h(1272): note: 参见“scanf”的声明
